[DEBUG] Defining variable 'x' in scope 0x14000090380
[DEBUG] Defining variable 'name' in scope 0x14000090380
[DEBUG] Defining variable 'x' in scope 0x14000090630
[DEBUG] Resolving variable 'x' in scope 0x14000090630
[DEBUG] Defining variable 'x' in scope 0x140000906f0
[DEBUG] Resolving variable 'x' in scope 0x140000906f0
[DEBUG] Defining variable 'x' in scope 0x140000907b0
[DEBUG] Resolving variable 'x' in scope 0x140000907b0
[DEBUG] Defining variable 'x' in scope 0x14000090870
[DEBUG] Resolving variable 'x' in scope 0x14000090870
[DEBUG] Defining variable 'x' in scope 0x14000090940
[DEBUG] Resolving variable 'x' in scope 0x14000090940
[DEBUG] Defining variable 'x' in scope 0x14000090bf0
[DEBUG] Defining variable 'x' in scope 0x14000090bf0
[DEBUG] Defining variable 'x' in scope 0x14000090e90
[DEBUG] Resolving variable 'x' in scope 0x14000090e90
[DEBUG] Defining variable 'x' in scope 0x140000911d0
[DEBUG] Resolving variable 'x' in scope 0x140000911d0
[DEBUG] Defining variable 'x' in scope 0x14000091290
[DEBUG] Resolving variable 'x' in scope 0x14000091290
[DEBUG] Defining variable 'x' in scope 0x140000914e0
[DEBUG] Resolving variable 'x' in scope 0x140000914e0
[DEBUG] Defining variable 'x' in scope 0x14000091ce0
[DEBUG] Resolving variable 'x' in scope 0x14000091ce0
[DEBUG] Defining variable 'p' in scope 0x14000118150
[DEBUG] Resolving variable 'p' in scope 0x14000118150
[DEBUG] Defining variable 'p' in scope 0x14000118210
[DEBUG] Resolving variable 'p' in scope 0x14000118210
[DEBUG] Defining variable 'x' in scope 0x140001183b0
[DEBUG] Defining variable 'y' in scope 0x140001183b0
[DEBUG] Resolving variable 'x' in scope 0x140001183b0
[DEBUG] Resolving variable 'y' in scope 0x140001183b0
[DEBUG] Defining variable 'p' in scope 0x14000118550
[DEBUG] Resolving variable 'p' in scope 0x14000118550
[DEBUG] Defining variable 'p' in scope 0x140001186f0
[DEBUG] Resolving variable 'p' in scope 0x140001186f0
[DEBUG] Defining variable 'p' in scope 0x14000118880
[DEBUG] Resolving variable 'p' in scope 0x14000118880
[DEBUG] Defining variable 'p' in scope 0x14000118a60
[DEBUG] Resolving variable 'p' in scope 0x14000118a60
[DEBUG] Defining variable 'i' in scope 0x14000118b90
[DEBUG] Resolving variable 'i' in scope 0x14000118b90
[DEBUG] Defining variable 'x' in scope 0x14000116380
[DEBUG] Defining variable 'name' in scope 0x14000116380
[DEBUG] Defining variable 'x' in scope 0x14000116560
[DEBUG] Resolving variable 'x' in scope 0x14000116560
[DEBUG] Defining variable 'x' in scope 0x140001165e0
[DEBUG] Resolving variable 'x' in scope 0x140001165e0
[DEBUG] Defining variable 'x' in scope 0x14000116660
[DEBUG] Resolving variable 'x' in scope 0x14000116660
[DEBUG] Defining variable 'x' in scope 0x140001166e0
[DEBUG] Resolving variable 'x' in scope 0x140001166e0
[DEBUG] Defining variable 'x' in scope 0x14000116770
[DEBUG] Resolving variable 'x' in scope 0x14000116770
[DEBUG] Defining variable 'x' in scope 0x140001169e0
[DEBUG] Defining variable 'x' in scope 0x140001169e0
[DEBUG] Defining variable 'x' in scope 0x14000116c00
[DEBUG] Resolving variable 'x' in scope 0x14000116c00
[DEBUG] Defining variable 'x' in scope 0x14000116e40
[DEBUG] Resolving variable 'x' in scope 0x14000116e40
[DEBUG] Defining variable 'x' in scope 0x14000116ec0
[DEBUG] Resolving variable 'x' in scope 0x14000116ec0
[DEBUG] Defining variable 'x' in scope 0x14000117090
[DEBUG] Resolving variable 'x' in scope 0x14000117090
[DEBUG] Defining variable 'x' in scope 0x14000117720
[DEBUG] Resolving variable 'x' in scope 0x14000117720
[DEBUG] Defining variable 'i' in scope 0x140001aa460
[DEBUG] Resolving variable 'i' in scope 0x140001aa460
[DEBUG] Defining variable 'i' in scope 0x140001aa610
[DEBUG] Resolving variable 'i' in scope 0x140001aa610
[DEBUG] Defining variable 'i' in scope 0x140001aac80
[DEBUG] Resolving variable 'i' in scope 0x140001aacb0
